#-----------------------------------------------------------
# Vivado v2018.3 (64-bit)
# SW Build 2405991 on Thu Dec  6 23:38:27 MST 2018
# IP Build 2404404 on Fri Dec  7 01:43:56 MST 2018
# Start of session at: Mon Feb 15 22:23:48 2021
# Process ID: 2216
# Current directory: C:/Users/U퓓tkownik/Downloads/PSRA-20210215T211759Z-001/PSRA/Project/Project
# Command line: vivado.exe -gui_launcher_event rodinguilauncherevent15724 C:\Users\U퓓tkownik\Downloads\PSRA-20210215T211759Z-001\PSRA\Project\Project\Project.xpr
# Log file: C:/Users/U퓓tkownik/Downloads/PSRA-20210215T211759Z-001/PSRA/Project/Project/vivado.log
# Journal file: C:/Users/U퓓tkownik/Downloads/PSRA-20210215T211759Z-001/PSRA/Project/Project\vivado.jou
#-----------------------------------------------------------
start_gui
open_project C:/Users/U퓓tkownik/Downloads/PSRA-20210215T211759Z-001/PSRA/Project/Project/Project.xpr
INFO: [Project 1-313] Project file moved from 'C:/backup/FPGA/Project' since last save.
Scanning sources...
Finished scanning sources
WARNING: [filemgmt 56-2] IP Repository Path: Could not find the directory 'C:/Users/U퓓tkownik/Downloads/PSRA-20210215T211759Z-001/PSRA/Project/ip_repo', nor could it be found using path 'C:/backup/FPGA/ip_repo'.
INFO: [IP_Flow 19-234] Refreshing IP repositories
WARNING: [IP_Flow 19-2248] Failed to load user IP repository 'c:/Users/U퓓tkownik/Downloads/PSRA-20210215T211759Z-001/PSRA/Project/ip_repo'; Can't find the specified path.
If this directory should no longer be in your list of user repositories, go to the IP Settings dialog and remove it.
INFO: [IP_Flow 19-2313] Loaded Vivado IP repository 'C:/Xilinx/Vivado/2018.3/data/ip'.
WARNING: [IP_Flow 19-2162] IP 'SinglePass_CCL_0' is locked:
* IP definition 'SinglePass_CCL (2.0)' for IP 'SinglePass_CCL_0' (customized with software release 2018.3) was not found in the IP Catalog.
Please select 'Report IP Status' from the 'Tools/Report' menu or run Tcl command 'report_ip_status' for more information.
WARNING: [IP_Flow 19-2162] IP 'median_bin_5x5_0' is locked:
* IP definition 'median_bin_5x5 (1.0)' for IP 'median_bin_5x5_0' (customized with software release 2018.3) was not found in the IP Catalog.
Please select 'Report IP Status' from the 'Tools/Report' menu or run Tcl command 'report_ip_status' for more information.
open_project: Time (s): cpu = 00:00:22 ; elapsed = 00:00:11 . Memory (MB): peak = 725.121 ; gain = 133.410
update_compile_order -fileset sources_1
